SERVER_HANDSHAKE_TRAFFIC_SECRET 2b0b14c7606919b69b784f0ed8ebf5ceb6e640dc66b405472b0ca3e0ce1b96e1 d82ef759d320cfcd4c53c9241a2d930c8581171e8e37fe9f2721410b61e21ddcdfa419049528d3419fdf84ce5d5d61ea
SERVER_HANDSHAKE_TRAFFIC_SECRET 8110b81045bf5e8b3db0cac3928edbe301033a978d2eba923ab4ff79ddac2f24 e011c691ca6b35b7ac81265eb0e171dc8d8d69c6af2f344da07f1612568d7d363fa9a9db486d5aa04518305f2029b132
EXPORTER_SECRET 8110b81045bf5e8b3db0cac3928edbe301033a978d2eba923ab4ff79ddac2f24 77c46a8fe063d92ff2cd2375cf91db4ada60253724e70fa90d8eb30c875632a82ab72ba918d552e65f29a6ded6aa6dae
SERVER_TRAFFIC_SECRET_0 8110b81045bf5e8b3db0cac3928edbe301033a978d2eba923ab4ff79ddac2f24 fff89319c6a2509780afeee264c848cce10bf74746e23f63e8d3041d88d5894b4e71113886e9aa8655572b5db4fd1c91
CLIENT_HANDSHAKE_TRAFFIC_SECRET 8110b81045bf5e8b3db0cac3928edbe301033a978d2eba923ab4ff79ddac2f24 6077bfdd8001f3fe7ecd6c4b6ed2796e07a83753f543c8f0c603c2ef94b77fd8fd45a461581431299d67690facd21e7e
CLIENT_TRAFFIC_SECRET_0 8110b81045bf5e8b3db0cac3928edbe301033a978d2eba923ab4ff79ddac2f24 cdc21e4ca905a67e27d7db563f00ed0226477c22c4f36df8b56bd86038633f8e437e68e85151bd9623d31c1c7b4bcdea
SERVER_HANDSHAKE_TRAFFIC_SECRET 6960ef06a0e319dff195e07eda5ee3306f2dba7fea028d95e8be08332d074e0b af7c47bda263849ef30dccc3b0f4d44fa011a04e43731348125da6505e369041871bf2670cdf04cdebf57078bb4440e2
EXPORTER_SECRET 6960ef06a0e319dff195e07eda5ee3306f2dba7fea028d95e8be08332d074e0b f59e8632d850035d3bef7f59c0865376dfd365e612aef54667c383529202664446613ab7070844a24cf5ebdad6e7bd5d
SERVER_TRAFFIC_SECRET_0 6960ef06a0e319dff195e07eda5ee3306f2dba7fea028d95e8be08332d074e0b 81b55945d5535330d3dde4196c2f47c5b1cfa84f3c66849587283b0d9e10ca65e85b11f3b5867b1787af5268df7b2b54
CLIENT_HANDSHAKE_TRAFFIC_SECRET 6960ef06a0e319dff195e07eda5ee3306f2dba7fea028d95e8be08332d074e0b 320efd8cd2d850db849b11d54fdb2ee582e0939ab400c8a277ac10af05b9a733fd170b4e88d492732ff3a2ad412375f5
CLIENT_TRAFFIC_SECRET_0 6960ef06a0e319dff195e07eda5ee3306f2dba7fea028d95e8be08332d074e0b b7bf6734b1a22200e0e63e636e7fe5ff79bba55df9caab02421bd8b75439ea49cc553d40aba903068db5353bd5726364
SERVER_HANDSHAKE_TRAFFIC_SECRET 48e0047421e262dc0571f5256e3fa415606cc44f3ee9a2f66cea6f682a01dd90 1b1e2ca6eccb9eb5c5c22d75579b0f044c276a36bfef9260d4b0f5355d8972c2f9d7a9f57ce606a591fe6c1a8940e711
EXPORTER_SECRET 48e0047421e262dc0571f5256e3fa415606cc44f3ee9a2f66cea6f682a01dd90 ee89f7c6063567d7958df6a0853e02952ab9dd6498e9a2f279c9984435ce06bc82fa2ef1e46756e36f1cc8860b5fe589
SERVER_TRAFFIC_SECRET_0 48e0047421e262dc0571f5256e3fa415606cc44f3ee9a2f66cea6f682a01dd90 4b694d553c9af9fe721c1a4c1d6b99025f397ca188fb19ef6a17003729ed152a87056fb9cb6550fb1d88af962bc9c524
CLIENT_HANDSHAKE_TRAFFIC_SECRET 48e0047421e262dc0571f5256e3fa415606cc44f3ee9a2f66cea6f682a01dd90 878ef4b8d24240e3520f397dbd02bb4fbbf1e7fedb7b35f0471b5179adc16970fb9e58ce465f08c8c744773c8d0548e5
CLIENT_TRAFFIC_SECRET_0 48e0047421e262dc0571f5256e3fa415606cc44f3ee9a2f66cea6f682a01dd90 1b03d646fe00da0f39890320987a51eb57a97a24c8313b762b01e6c1ae9052f7ee12ee1b06d3ae84a116cb38a6d3db8e
SERVER_HANDSHAKE_TRAFFIC_SECRET ce99b11ba416bb67e26ce30915b56728b56c4a393e66d6fd9b894c9a56a047dc 5142418b18cb8db07f1959866af809479d3b750c1c66b9e24a218fa817a44e21f47e5700d161b7aeb52418a43fdf777c
EXPORTER_SECRET ce99b11ba416bb67e26ce30915b56728b56c4a393e66d6fd9b894c9a56a047dc 664bb4e3f84976cee6899746db4ceb49f8357f76e44201b87c6e1f20136a36de896955bead95e54f1a445b3bbd83dc79
SERVER_TRAFFIC_SECRET_0 ce99b11ba416bb67e26ce30915b56728b56c4a393e66d6fd9b894c9a56a047dc 007bb04ef948e26ea623121fb64e3c0d2f3a3a30fb0684e5dab51ee1fd2d73a304c33b5dc9347ff659736336a53569e6
CLIENT_HANDSHAKE_TRAFFIC_SECRET ce99b11ba416bb67e26ce30915b56728b56c4a393e66d6fd9b894c9a56a047dc 201c7dd523418d976dbf9c442bc195a594bd0df21bee3c044d6054e07315ac1fb11098d8b6420cb367d1f651fad70f38
CLIENT_TRAFFIC_SECRET_0 ce99b11ba416bb67e26ce30915b56728b56c4a393e66d6fd9b894c9a56a047dc be05e7c5e347e38e12a666326521aeb04f5c04621ad2490c8ac7e01f6e6679d8f1c39c4c34a9bf1c808d61351e1be70c
SERVER_HANDSHAKE_TRAFFIC_SECRET 523b6873c168e1b5a05dd5b913afef156239cf2ff4a50e63df715686fb311c74 8e607388009a8c1d8891f53086b45f497d0b442804b5f770ba13f043c2223fd23f744c4fc5451d560bcec332838ef047
EXPORTER_SECRET 523b6873c168e1b5a05dd5b913afef156239cf2ff4a50e63df715686fb311c74 fc05a9c9d20367c9f2df6951efc5d0263882d7a8553eb57f3fb24305730a488dfe33c858315964c57c04e248a817211b
SERVER_TRAFFIC_SECRET_0 523b6873c168e1b5a05dd5b913afef156239cf2ff4a50e63df715686fb311c74 c427a08dec4058015c4f19f4c7297b38e2468ddd33d708f175b83755100099d6ea650714396ac9c6d810468c0f68da6f
CLIENT_HANDSHAKE_TRAFFIC_SECRET 523b6873c168e1b5a05dd5b913afef156239cf2ff4a50e63df715686fb311c74 4f3fe7c3a34f4cdcb1fa641e14c848dc466ad0db8ad81ba9b002dd2ee67e866e0efa67d420ca8faf805b88c61ec4f88c
CLIENT_TRAFFIC_SECRET_0 523b6873c168e1b5a05dd5b913afef156239cf2ff4a50e63df715686fb311c74 bf2e4b7df7c0cb42e1d0d3daf0f754a8521b484e68a918e2e492a659c50bf72c7780163e05cb879b99b5410e1c837399
SERVER_HANDSHAKE_TRAFFIC_SECRET 32e01a4c247b84e11fd43a65f0097d70a6d90e168c4297efd4efaa1bc24609d2 26a515ea68a1d32925e1a366c5d370f444e2dc5cd96fcb71e6313d3f0f67804219782031641d70048aa8d349d8f41b4e
EXPORTER_SECRET 32e01a4c247b84e11fd43a65f0097d70a6d90e168c4297efd4efaa1bc24609d2 f0b979f744ae4092df3a7f492d78ec91605aa264603c713cfbea393f7c52d29f83cd72e37d2fd38159b9ab1236f60553
SERVER_TRAFFIC_SECRET_0 32e01a4c247b84e11fd43a65f0097d70a6d90e168c4297efd4efaa1bc24609d2 2cf042a86059562a57975adaf623f60fc0966e66dcab36009a0264e00f0a45575a5778f12e4583388fbc907f5e22b185
CLIENT_HANDSHAKE_TRAFFIC_SECRET 32e01a4c247b84e11fd43a65f0097d70a6d90e168c4297efd4efaa1bc24609d2 771e21cbc4038619c1e1accfe24efcb587601adc21bdec50e6159dd95d0ccfba308206f455d531a8b7bffc4f231c8af9
CLIENT_TRAFFIC_SECRET_0 32e01a4c247b84e11fd43a65f0097d70a6d90e168c4297efd4efaa1bc24609d2 9e0a7a591b2dc60278c7d5b52065d3678dfef753e81cdcef2f0317c1235b6fce7557d3f7162f12db04fb54cb41b4a47e
SERVER_HANDSHAKE_TRAFFIC_SECRET 74bd00154dd28533563b8a1eef523fd39d9dc0662a39ceb9f9b8b1aad626aad5 6b6e9dd2338042c5b02d615ddcfcf5bd371aa599a11a5fb1473d473966e263333a7c57caf946e5f6db6b580476522f16
EXPORTER_SECRET 74bd00154dd28533563b8a1eef523fd39d9dc0662a39ceb9f9b8b1aad626aad5 7da8bbfbbd7aba0931ad6b829334ff29b2b435af014a0392762691f293e54f92a0b1c5a2187dd30da77a5a9ba6c08955
SERVER_TRAFFIC_SECRET_0 74bd00154dd28533563b8a1eef523fd39d9dc0662a39ceb9f9b8b1aad626aad5 f51079feb3cbeedeaadbad0c20a3729f4d0a50ad85ed8040341b10496da7434473f032fe0f0fd5c401f8261c641f7212
CLIENT_HANDSHAKE_TRAFFIC_SECRET 74bd00154dd28533563b8a1eef523fd39d9dc0662a39ceb9f9b8b1aad626aad5 d0638df0bcca6e242ea40578079ad38b115637a1daff489aab4b047d4315fb971b1a0476d2c9fadb0c7f3e3fd7f78c90
CLIENT_TRAFFIC_SECRET_0 74bd00154dd28533563b8a1eef523fd39d9dc0662a39ceb9f9b8b1aad626aad5 d573757fc040ab10ddf9061a8aca4e82672487f9b384dccfb7555a90ddd2a47e3ecf3047017e2a76152e7b970bf3450d
SERVER_HANDSHAKE_TRAFFIC_SECRET e6dba65975152ad34e17c99a5b557e0ec9ed0996f4973836b6fd4a831ff7327b 00350994cbaca71c7170d0a1461a3cbdfe3a81ca565e28a268a349789884daa21445a54df0ba624747bb56aa12608bb3
EXPORTER_SECRET e6dba65975152ad34e17c99a5b557e0ec9ed0996f4973836b6fd4a831ff7327b d84ec5422dd4ed4e48681008af4cbdd1fa1d1f775762bb2c14f3c9645cd28686eb7a543c0538009cea1c174c7302df56
SERVER_TRAFFIC_SECRET_0 e6dba65975152ad34e17c99a5b557e0ec9ed0996f4973836b6fd4a831ff7327b a7d975b2655398f1a03e099acd637d59d4ebcecc5cca0e04655761cf089e847c79f72b24d22dc90699dadac7f2a9b76d
CLIENT_HANDSHAKE_TRAFFIC_SECRET e6dba65975152ad34e17c99a5b557e0ec9ed0996f4973836b6fd4a831ff7327b 71f43f769cbf95a1d2ffc077b226ecc2064f49c15701375ba80a185f7312f525f0dd0455f8a28c43161ace54a12e0611
CLIENT_TRAFFIC_SECRET_0 e6dba65975152ad34e17c99a5b557e0ec9ed0996f4973836b6fd4a831ff7327b 6648b695b6229dd49fbbf510039ac6c67db6c3b9610aaeacb4cb4681e37fde1dc2ac629c70a3a3421ff84f7f9bf9f3e4
SERVER_HANDSHAKE_TRAFFIC_SECRET 7de30387b074dba2bc0cf1441b285c2a740c40e2dec4ebe0ae619456b0f0e71d 2572bd6a97b5983b93c2516cf88409862edac1c033c90600414e340ceb7bd4fca0802813ba9be8f0fdc8cc3dbae446c3
EXPORTER_SECRET 7de30387b074dba2bc0cf1441b285c2a740c40e2dec4ebe0ae619456b0f0e71d b1eb7afb812ae0c3ea0ead0cd1926592ef0dafab0b6f6faac6b941f3325d03d3f79a1f85f49b93c5fefddd3267c6998f
SERVER_TRAFFIC_SECRET_0 7de30387b074dba2bc0cf1441b285c2a740c40e2dec4ebe0ae619456b0f0e71d 09c6b743a2a1a87a21af0fc143a1cbab8a3a6ec0bc9034367e46597647f61b4c8f2d3b0929df2532b861e2818141049c
CLIENT_HANDSHAKE_TRAFFIC_SECRET 7de30387b074dba2bc0cf1441b285c2a740c40e2dec4ebe0ae619456b0f0e71d e428cd0295b4d3c70a54144162c46ec8123b063b9ae6803105ba7909f2ec893eb5f47349b44ebd6787fa9946236eee28
CLIENT_TRAFFIC_SECRET_0 7de30387b074dba2bc0cf1441b285c2a740c40e2dec4ebe0ae619456b0f0e71d 7fc60eb4ad0500f97791b82804bbd173ffd0686229cf30a4240d9c691c8f61c7c794fcfd9bf5b02b7cfc19bcc26af832
SERVER_HANDSHAKE_TRAFFIC_SECRET 9a704eb5b1d4632a074e1d509c3f90f47a019e11569a3834126400a0afde620e defed379df2d0d516e57c23f0437315c6902265f5bee11d1a4e65779cb36e72d4a293137bcdc368a35c81deac6a71f11
EXPORTER_SECRET 9a704eb5b1d4632a074e1d509c3f90f47a019e11569a3834126400a0afde620e dadfc52d0997efb2d8b794b3f80264ebadd929d3059458b81ae8865d4917b1179e772b8b4a07ecd9094d6320e75a06af
SERVER_TRAFFIC_SECRET_0 9a704eb5b1d4632a074e1d509c3f90f47a019e11569a3834126400a0afde620e 3e60a66eae0da1e04c8d842ae620e7c133a69f6474b7ec4b6c65d68fdadd8c9c0995b9cd21ab7d10f947fe2b74443892
CLIENT_HANDSHAKE_TRAFFIC_SECRET 9a704eb5b1d4632a074e1d509c3f90f47a019e11569a3834126400a0afde620e 3cde936722060d30bcb197bda2968e1278b57766db498d9c6e53ec7db0fc6f7c61c1536ecf9ce0b0296bfb144fe86707
CLIENT_TRAFFIC_SECRET_0 9a704eb5b1d4632a074e1d509c3f90f47a019e11569a3834126400a0afde620e 118b6528a16da6d4fe42abd07ac25c832f1421e895b84fb7f1ac81cb4dfdd69b43a880078a1a8c2dc4848802bff3ff9c
SERVER_HANDSHAKE_TRAFFIC_SECRET 1638a611c093e9cc49afd3554a4f23d790219463fd1cd623d4e189fce3e11a56 551d878a825feaf4c3802b47a259068ad1dc32bbb79f317a39c126d4085b16a7f7f4692f3b6308141d236d33e27df328
EXPORTER_SECRET 1638a611c093e9cc49afd3554a4f23d790219463fd1cd623d4e189fce3e11a56 4a87be5903ee4d744a2b1e490310b9fa74ef9a4487ce6989b4065184ec881a2d5ca35bd3c42b69d493608d42d4c38225
SERVER_TRAFFIC_SECRET_0 1638a611c093e9cc49afd3554a4f23d790219463fd1cd623d4e189fce3e11a56 814a4300b91f78fa5d04ee8fb963b8078ef3b34945a5a2e5db976df598de1d12970b3ed917ae2e6d8165a6638c0625b9
CLIENT_HANDSHAKE_TRAFFIC_SECRET 1638a611c093e9cc49afd3554a4f23d790219463fd1cd623d4e189fce3e11a56 929481154b196a2c5f8091e0a4eeae3f52da35a9b1a0e3474deaf26474c90fe1f552dc9e5389121969b05f246fe7e47f
CLIENT_TRAFFIC_SECRET_0 1638a611c093e9cc49afd3554a4f23d790219463fd1cd623d4e189fce3e11a56 32604deda940c47ca238419c19b5eba942178f3b1239e225ed1c44df36a45c0530794bd13c539897ec77565d7136c880
SERVER_HANDSHAKE_TRAFFIC_SECRET 943a68b142539b6398cdf2bbfbca786373b1b4ae6615a5774d9948f20af6dd30 c15a1ebc1471cc5dbebc2786fb118c509fdc4d518c93ba5861fc794b0d513fdd33bc9ceddda2ebe636ab38d9db6975f1
SERVER_HANDSHAKE_TRAFFIC_SECRET aa097d63396e9c882bcb96152763884b1a6d00016d81ca39fc1c727d8d449201 f2c1282732a0151b9bae772dc4100183381a114e82e3887d9c77ae4b72a70206deabff97304937037ffca70e0218fea4
SERVER_HANDSHAKE_TRAFFIC_SECRET f7351ca4235f0fc273be136c1ebd1d5ce6ce54f9a45e10fae586dc56f1cc99a4 3ba3f5a82ea7b551a01eaedde421e28d29336fd34e0abb131d9064b45a73585dd65187c6c1880223cf010142ca0e7a7b
EXPORTER_SECRET f7351ca4235f0fc273be136c1ebd1d5ce6ce54f9a45e10fae586dc56f1cc99a4 81f2b705dbe937ba720bd4eed41f09e2fa61e5bd85cd221191998f0df3d88859ce53b3af4e1383819701136cfe035b2a
SERVER_TRAFFIC_SECRET_0 f7351ca4235f0fc273be136c1ebd1d5ce6ce54f9a45e10fae586dc56f1cc99a4 c685f9ec622a8dcbed3faaa5b73e1ee8f1596fad74ba499303436bff96fceefc1bc7fba7d9403c2fc80152e8ef7faa91
CLIENT_HANDSHAKE_TRAFFIC_SECRET f7351ca4235f0fc273be136c1ebd1d5ce6ce54f9a45e10fae586dc56f1cc99a4 125781fc868cbe5b3052eaef311f5397228b932dbf41d048f28314e912762fb29f6e69ad7f5d65ecbed7b8a1728410a3
CLIENT_TRAFFIC_SECRET_0 f7351ca4235f0fc273be136c1ebd1d5ce6ce54f9a45e10fae586dc56f1cc99a4 945e04b8ba5eaf4d35c0c9b9443fabe666f0248a25b589a900866e450e96394479763b2f111a39dc199ac61842505445
SERVER_HANDSHAKE_TRAFFIC_SECRET e4c266c2ea878ef55da26f97945b884c97923d3b19be0946c65333ed7d3885b0 4fb4259e26f40f7c833b1bd13515f2e41a149e5dbec6e66f4bf3a5800d4b3ea89f84860e1bd250ca155fb394f1f646fb
EXPORTER_SECRET e4c266c2ea878ef55da26f97945b884c97923d3b19be0946c65333ed7d3885b0 06958cf0191be20dedf3578710c6ca3df2eaa68a910aa110eaa9e16a97b7e700714dd5dbef90d4845c122cfee5d741ab
SERVER_TRAFFIC_SECRET_0 e4c266c2ea878ef55da26f97945b884c97923d3b19be0946c65333ed7d3885b0 2a09d5972163693cda401a737f5bf079aa22bca3a43e8d76f6b1d5fa4e7e1245f8b0d4a9827a209846042747bde87511
CLIENT_HANDSHAKE_TRAFFIC_SECRET e4c266c2ea878ef55da26f97945b884c97923d3b19be0946c65333ed7d3885b0 76f0123f9f2986c85d24fd208d133de27b9111fde66be7436504a6216e242721b423e44f88cca967a55ed48d6cbe6153
CLIENT_TRAFFIC_SECRET_0 e4c266c2ea878ef55da26f97945b884c97923d3b19be0946c65333ed7d3885b0 33f64b7b6c60430c405e18d7acc802ebd7ee56f5d73c18a6e07b282c9bd75bc8eb88f8c67fd81dfd81eae32a2e1dde5f
SERVER_HANDSHAKE_TRAFFIC_SECRET 1beeb7351385de475af6175308026a7875cc0dc49e3877b6ccfebba30632f462 ff6da3bbae5471c4d8e901da68243eccac727a8eaea5f816488bc5704122b50d8f454aeedbed5e991d89bb66a80dc6bc
EXPORTER_SECRET 1beeb7351385de475af6175308026a7875cc0dc49e3877b6ccfebba30632f462 f7ac3241f4d3f202da5a3503ce0b1fd883de2a27a732e32e2fcc0c578dd69ba142b54d7f76a1ec18a7b72b2e74933be8
SERVER_TRAFFIC_SECRET_0 1beeb7351385de475af6175308026a7875cc0dc49e3877b6ccfebba30632f462 231622277ded7b12ad8847eae5f8bf9dba44912613ff626cfff594b1f936a32d125926e38a8889a309658867aa1186c7
CLIENT_HANDSHAKE_TRAFFIC_SECRET 1beeb7351385de475af6175308026a7875cc0dc49e3877b6ccfebba30632f462 6a932299b014747ede9c250319498e5d8149caef76892c26a84e4f317502af2654c3701ee7b930024d817f369a10f8bb
CLIENT_TRAFFIC_SECRET_0 1beeb7351385de475af6175308026a7875cc0dc49e3877b6ccfebba30632f462 bf0558a5aa2082dd8ea10656597730f06c76a35ef02d86078191e0c39866d06e6ca8f7e7700648fe983dcd84c981505e
SERVER_HANDSHAKE_TRAFFIC_SECRET 26cac53baa931f90f72fc5356bef4bce90407ecfacaf03b1f8c85977ebbd6e95 182f5ba1b90ccafb3289970aae24aff93245568112557a83e13f078dbd28745536ccc3f4d3116365425d86fd0665adbe
EXPORTER_SECRET 26cac53baa931f90f72fc5356bef4bce90407ecfacaf03b1f8c85977ebbd6e95 ee0fc0cd9f15375a718d4c5f290d86f2ce1e76f20340c59edb5f1c9d3babad06e60cf720d880c626562011f2b491e43d
SERVER_TRAFFIC_SECRET_0 26cac53baa931f90f72fc5356bef4bce90407ecfacaf03b1f8c85977ebbd6e95 603a71ef22521fc9e96569df5e873aa4cfaf09b486264fd1b63aa9cf05f6392aa76b1315388e7ae361c27f92a7f7e084
CLIENT_HANDSHAKE_TRAFFIC_SECRET 26cac53baa931f90f72fc5356bef4bce90407ecfacaf03b1f8c85977ebbd6e95 15a1f083afdf00278d780feab860f69122cc4423328bf54e6f159fbc75baa0434d7820fb6e6403de40d25da595915069
CLIENT_TRAFFIC_SECRET_0 26cac53baa931f90f72fc5356bef4bce90407ecfacaf03b1f8c85977ebbd6e95 cf0b9eb07cc0d087507053a76ac5d0fda602602829da2d0249f10a44323d3c259d22132d6c0254b32cd8b4b041bf110e
SERVER_HANDSHAKE_TRAFFIC_SECRET 122d56eb67210a72ff8a4f386c80de7beeb8375c85005c07e19b480888f7edc3 6bbc20c84a05396f058cc0a1b0a7a25d0dc4fb0bbb15f0e0586a2d4a05d0e4d35a03222f27174c4b7c8af95bc5aae2f4
EXPORTER_SECRET 122d56eb67210a72ff8a4f386c80de7beeb8375c85005c07e19b480888f7edc3 ec901fb8ac6e8577eb9f835d94bb46114f168a55f56a7e4d03fe4ba73fb76bcca122ab727126083e577ff0166acf2321
SERVER_TRAFFIC_SECRET_0 122d56eb67210a72ff8a4f386c80de7beeb8375c85005c07e19b480888f7edc3 8e14427249c174a4bd9a59af3fbdec301de39ad5f3ae99381d260abfdf30a8aa918191bc85ce274567fa54f97d87429e
CLIENT_HANDSHAKE_TRAFFIC_SECRET 122d56eb67210a72ff8a4f386c80de7beeb8375c85005c07e19b480888f7edc3 c2990ea8fb63662b0453bef3f0aa281ffb70f63b25b830ab6f85a1a306b3ff2793e4283a0151d48d3fa41888bb99aaa0
CLIENT_TRAFFIC_SECRET_0 122d56eb67210a72ff8a4f386c80de7beeb8375c85005c07e19b480888f7edc3 450b5f8c497b10d4e0753ea22e2cc567f67884e1e3822f6bd28eeaeb6347fb9dd3a609af8f2997cea18595d6d79cf22c
SERVER_HANDSHAKE_TRAFFIC_SECRET 4c4a6d9aa7839c2878a03a14979edff035814b85c5e48a979299dfada75f57ec 3b3d7106b7d194bfc7c5dae38a4ddf5a9ab4c280fc9f1654796c9041e6b8e6356ceff31c6a55c2ce940723fc1315035d
EXPORTER_SECRET 4c4a6d9aa7839c2878a03a14979edff035814b85c5e48a979299dfada75f57ec 484befd25e1b9f7573dd7dbc3f2502fb7581acdf268124c5b4576e2989f3223a6951e8d800b131ebb083d82dec2e78be
SERVER_TRAFFIC_SECRET_0 4c4a6d9aa7839c2878a03a14979edff035814b85c5e48a979299dfada75f57ec d71d55c35af74c3232dbe41bc6171c55bf6b709ed38cdc6b55d7663f331237291fb7ae8461b44940a8a9af14f463f61f
CLIENT_HANDSHAKE_TRAFFIC_SECRET 4c4a6d9aa7839c2878a03a14979edff035814b85c5e48a979299dfada75f57ec d59dd47e355e12eba1f8c3008357cba730c6bb8d3a87cad65aefdd54d38de555b651ffb4debfa68b509d395748e12798
CLIENT_TRAFFIC_SECRET_0 4c4a6d9aa7839c2878a03a14979edff035814b85c5e48a979299dfada75f57ec 24bd734e7fd330441f41efc7a69f4b0b6adcafadd7a2d83d32b4bbbdc2371cd8dfa4c890c99579dea39e90e40cc77e04
SERVER_HANDSHAKE_TRAFFIC_SECRET f294c3982ae039309ebdd4418a48e4670ed8c3e71ff407371d2a3b910dc880b9 19a8e15d175390a1a3e068e8cdaf48f00de8f69bccfd76db7f2d4643c3ecce3956f448a4161f6b78d22fe8df87613d4e
EXPORTER_SECRET f294c3982ae039309ebdd4418a48e4670ed8c3e71ff407371d2a3b910dc880b9 80d5ac42a2d29df49e4f1086c6dbd05f3a95b62a772c252ea6fa6e07ece50538d92419f1ab98a78522f857df888e1f06
SERVER_TRAFFIC_SECRET_0 f294c3982ae039309ebdd4418a48e4670ed8c3e71ff407371d2a3b910dc880b9 9714d4a47f5e67fc903289c6297ebc9925bf5f4eb2f5327b4f2cb850d30a6380aaf86c29c707ec495123dee4141b4667
CLIENT_HANDSHAKE_TRAFFIC_SECRET f294c3982ae039309ebdd4418a48e4670ed8c3e71ff407371d2a3b910dc880b9 15e0cc482826498e892562217a6739d141411993d5763a32882ac22d84b261a8224cdc414da4e7bd34c3735b4b4be3e4
CLIENT_TRAFFIC_SECRET_0 f294c3982ae039309ebdd4418a48e4670ed8c3e71ff407371d2a3b910dc880b9 d7e3f05d1ecbabfad6b459ce78f6076af87025d3884f4a619b054f6a0c2286ddab04f063b5706f4765c424faad332883
SERVER_HANDSHAKE_TRAFFIC_SECRET 5f0507d61a3558460f95cae2029797fa8a246123cad92a808c5d043591f65e1c 96e2f21c47dfdcb3753d571187e9fc1e4c9774e6cf52eca2849c07bf00e61357c00210983a7a6fb11bd0f0245d16bce9
EXPORTER_SECRET 5f0507d61a3558460f95cae2029797fa8a246123cad92a808c5d043591f65e1c 225707772ad860730d3bec7ae3fcfa08ed4190bbba2e4f7af0aa82dcbd299a4a0c214215c56017cceaeb1f0364ac0d72
SERVER_TRAFFIC_SECRET_0 5f0507d61a3558460f95cae2029797fa8a246123cad92a808c5d043591f65e1c f1f24ff089626fb138dc8f4dfc180ef94d132af89b63b6c3619668dfa159d3f07b0aa8500525eea43de6c94c52992dcc
CLIENT_HANDSHAKE_TRAFFIC_SECRET 5f0507d61a3558460f95cae2029797fa8a246123cad92a808c5d043591f65e1c 7f11b46f973ba265c9fa047112193a739b813a5ca022b5422d35fda1a83ba0c325342dd6c4b3aaad23ce2505f6f250ab
CLIENT_TRAFFIC_SECRET_0 5f0507d61a3558460f95cae2029797fa8a246123cad92a808c5d043591f65e1c aa546fc67180147235bf2a8d2a92858db949aba3c820dddc761ba1ccbc29abbd971392fe4267b6e4b60cb1f2786e7c3a
SERVER_HANDSHAKE_TRAFFIC_SECRET 725bc5499df57f4246b1d67db8a947003a5af964aca1f631a72753195a9dd671 63cd3626a19f76630ef31a298e57262d0d6960314b63f463ddb35b3b8ecbe65f9924b2c25d0a8c3915c2baf89be4e8ee
EXPORTER_SECRET 725bc5499df57f4246b1d67db8a947003a5af964aca1f631a72753195a9dd671 2dbce5fd68a686d64ca070e8fdac98d95ef4aa8c0ce1883e69708fc4342ee59f15dc1fa3232d034f255a0cb33d4c5f9f
SERVER_TRAFFIC_SECRET_0 725bc5499df57f4246b1d67db8a947003a5af964aca1f631a72753195a9dd671 b9d806172217e0417adfd8e77f6b67a27593fab081cac743345abb2c76c945d74a45fc42d6a5b595590676b087ffb071
CLIENT_HANDSHAKE_TRAFFIC_SECRET 725bc5499df57f4246b1d67db8a947003a5af964aca1f631a72753195a9dd671 0d1d4951af3c7cc6370463422f9f5917383c1655fac7801dfb3f1436cc9746529c30e4a2365db1aaf96a4cc857e0a0db
CLIENT_TRAFFIC_SECRET_0 725bc5499df57f4246b1d67db8a947003a5af964aca1f631a72753195a9dd671 ff5b29c24328d9e24306d5880b95bf144cbd7a1382ff1318c2e1b3cbb4397857ae0b195daafa6475d00a7e3b8acec1a5
SERVER_HANDSHAKE_TRAFFIC_SECRET 92f53f9f20c205075a0571f16f5d3b993a5dccec92efd490cfcfc7c3ce8d792d 203c7a7d6cbfebd2f4f069fb2ae3bd17a6cb53098fe0f062bda984b9b3fb6afbd6cfbef0c8f07d70551e5bef51135725
EXPORTER_SECRET 92f53f9f20c205075a0571f16f5d3b993a5dccec92efd490cfcfc7c3ce8d792d cf910c5375a9570782f13d572afa6d6551a111a76d9e178e3a7287eb59df915d99d6589f36f13937c46ac73d3d99b85c
SERVER_TRAFFIC_SECRET_0 92f53f9f20c205075a0571f16f5d3b993a5dccec92efd490cfcfc7c3ce8d792d ee4ec9c740520509dc6842e340a3a6bef96e1c93520c69f73c352f2528a7bb92ed6de492d6acd6566a03e9ac886f8c0a
CLIENT_HANDSHAKE_TRAFFIC_SECRET 92f53f9f20c205075a0571f16f5d3b993a5dccec92efd490cfcfc7c3ce8d792d 1f2f8e5db527997b0caf3b2ced4125c6208697ec8a6e7a257161c78b17ca894603fab82dec38f489c68a3a9eff379d25
CLIENT_TRAFFIC_SECRET_0 92f53f9f20c205075a0571f16f5d3b993a5dccec92efd490cfcfc7c3ce8d792d 98731bed4e11322835de79f05f8816a49f252e18acbdff7ac3e098a89aeba79a3f66943a214865e6bc65bc4b7798eeee
SERVER_HANDSHAKE_TRAFFIC_SECRET 40e85d7d1fb3aedd4412eec43754cede319a8737afc13d199ccc6c818bea3365 7a936528960b3da9eafc8e2de1725948103c2ca569cdd813c00191c5753b9f145babd619c47dd0493be5c9fbfa85bb26
EXPORTER_SECRET 40e85d7d1fb3aedd4412eec43754cede319a8737afc13d199ccc6c818bea3365 a37b096296a36a21a95360da45121dd0c4d74985d896d68a9c827f9a3cd6dfb506a1b2b18afecd5a0a55ae3e314e8423
SERVER_TRAFFIC_SECRET_0 40e85d7d1fb3aedd4412eec43754cede319a8737afc13d199ccc6c818bea3365 d11bbc30d7533bfbe019378e975d425952a9c24bd61be1189467fc4d31d56329fc3e764a0036911caaeabbe0ca935920
CLIENT_HANDSHAKE_TRAFFIC_SECRET 40e85d7d1fb3aedd4412eec43754cede319a8737afc13d199ccc6c818bea3365 4dd4fbba0f70f29209155254659bf2de6a8b2e39b80486b1bc4dfdf15603c9f90d1f903ace1dc7c9def3569ca03e6ffc
CLIENT_TRAFFIC_SECRET_0 40e85d7d1fb3aedd4412eec43754cede319a8737afc13d199ccc6c818bea3365 43c010a0ea0cba5a9dbf699f5d1f4843ebac1e153e22b004c9e2c573af4358a57e700968288292f41d17d5d0034e0ab5
SERVER_HANDSHAKE_TRAFFIC_SECRET 7d006823d9c28a2a734db0ce167507051052588ff868c8c406d30bb4d5304c3f b7dd02253c521323fe141ddd6b85e837651942b37b4fa7e8f5e68ce70993691e8e0b83e6ea8c3edfc3bcedb821d866bf
EXPORTER_SECRET 7d006823d9c28a2a734db0ce167507051052588ff868c8c406d30bb4d5304c3f e74d3e0df0e1f9206cd877f95f0804e971c83b8fb3a457ec41a2486bbc68aca04b97457ad87ae27962248f3ca469d9fd
SERVER_TRAFFIC_SECRET_0 7d006823d9c28a2a734db0ce167507051052588ff868c8c406d30bb4d5304c3f 630357bc3dcd2280f0aec57dc37552b31269556c9eee046c3892341d87edb9cc3b0de90c8b3d0feb3f1d69d0f0dc4a7e
CLIENT_HANDSHAKE_TRAFFIC_SECRET 7d006823d9c28a2a734db0ce167507051052588ff868c8c406d30bb4d5304c3f 9d73e93f510ca6dd336cee92f748101517c23b9c4f66ce7dca894a0ad877e4beed86fbebd61debb5cdaae77511be45b7
CLIENT_TRAFFIC_SECRET_0 7d006823d9c28a2a734db0ce167507051052588ff868c8c406d30bb4d5304c3f b9f5be93c746b74672685357b74a8a29139a087ef63f6c598c4a4649a2b6497393141f7a6e35752a3e3414c94b5617d8
SERVER_HANDSHAKE_TRAFFIC_SECRET b9a78c678b367bf7169d37f45a33b55d7e5c2cdc4629deed64491546680209a7 d01df5d147e6e679dc0c59320b81e33ba3fb4bbaedf8f58ece67d740241221524e92a1b6514b82abc0faafaeb990e10f
EXPORTER_SECRET b9a78c678b367bf7169d37f45a33b55d7e5c2cdc4629deed64491546680209a7 2bc84e440c7ddb8549d8ac7cc2f0e68e18f371b33a8b06af8e9f57a002739df21bdc2f0af471441efff0a5a12b32ae47
SERVER_TRAFFIC_SECRET_0 b9a78c678b367bf7169d37f45a33b55d7e5c2cdc4629deed64491546680209a7 6a0219df613728b266296ccfa5274db90af008a5c6d9a8a746ea184be2ad2bf6fb04fa8e128888cdf5a95f177ca46242
CLIENT_HANDSHAKE_TRAFFIC_SECRET b9a78c678b367bf7169d37f45a33b55d7e5c2cdc4629deed64491546680209a7 d87837be789a85583d85c6c1fdbacaefb733b3bc314c40c048a2b6347428608a0ca8552ba3abe79fd4bc53c941aef48f
CLIENT_TRAFFIC_SECRET_0 b9a78c678b367bf7169d37f45a33b55d7e5c2cdc4629deed64491546680209a7 6c5d989d5c567a0e0e0deb18fcf416b3dd627cf03ec9edf74365d600759ce72055e0d1c593b16b338440eb901875fcee
SERVER_HANDSHAKE_TRAFFIC_SECRET b7785682d35bd970f99ea29defcfff0c9a61eba2e6a3f49d1c13bb47436d541b 491071939e5081ebc3a0dfdfad5540806cae5ccb7652fdd790700e7f7eecb0da66430db00eafcc7b05d15d26b6a35ace
SERVER_HANDSHAKE_TRAFFIC_SECRET dc4a9843f4e4dc1f2b29e92e3f13ca311831ef0ed0b764c5ab2c18b5baa2c39a f3c717cc1d6633b2760f29bc7b2621560910ce5c6ed375f4bdd48673afa608381d445adcd8560ac460cfbff09780c6b3
SERVER_HANDSHAKE_TRAFFIC_SECRET 240c0b7514e253924406aec17dab2662ae8507e83cc030afea00aad92772fd0d 29a5e009cb6e2e4309be73c816f465b1d02b8c9403c80b4f7bad1ccf7fdd19b7e8deba9871d3b7ba20ef668554b96666
SERVER_HANDSHAKE_TRAFFIC_SECRET 72438ab1426fe78c4d19eed63763eef8fca1efd0f36345fdb04a49123b7b3f08 f963903a03d5229e0ad22076119dbde2ff82e42f43b3369baedf545ab62ca951388fcb85450f7be75f532a4b15377af4
SERVER_HANDSHAKE_TRAFFIC_SECRET cbcde2c1ace078dc6a125ef2ceb1847a2fdf6549afc8989b8ff24c9ea627cb5a 4ecba6267328ef12fee78fed0d3437b63d21dec1c38afb07120676295603b709b92870ccb408be8591e75ceec73321a9
SERVER_HANDSHAKE_TRAFFIC_SECRET 8b889b981831b60df9df397cfc09266ac0a6f47fbd89e043127cbb76e85f21e0 f3b415e0e11adf2311dc7ac0259101719e522ba5acca8f4c3e2e13d98edd9dcba46c0d2f8ab8ed242d515a1b6b5ac2e1
SERVER_HANDSHAKE_TRAFFIC_SECRET 78f1934fda89830f2230d79582d7c7a3869c6880cacfd73e65276e8c7455bacf 98a91cc3baaf29805c754d9fc5d44abadab08a8d0a45372d93b7bd9ecd8d1b26616b49c36b2a61d2d311014ec336b107
SERVER_HANDSHAKE_TRAFFIC_SECRET 3737bb6234a8e7a9f051114d0e0817750f26bf4ba1ba8ff55b72015c79882450 de9c68b872a622cac21d412e87a502b74ec763c660ddff378c879c40da874e4e0fc8e8519aad103ef2371852c741b099
SERVER_HANDSHAKE_TRAFFIC_SECRET d219f966b85013795bf6b07cc6a27cd001a4bfc6300b3fb5070c3c521102e9fc 63c09e34080a84c0b1ffd56b9061e0c25d78ad501854bb7547099832b45664bd08a67e2c66a25db80e68e03b1abdd0c6
SERVER_HANDSHAKE_TRAFFIC_SECRET 4da19bd2cdb3cd0dbdb371b7d7a154a2b91390496e3451202cc3d79a4dad2322 37c46350bfbfa81a09b188012537e08297ed8ff9f01cdc18bbc18f2caadbe6e62323b652b41e95bcc2b01169d163e8b5
SERVER_HANDSHAKE_TRAFFIC_SECRET 1421b36cda3118e863a958de4ce58cc181f97984027b8bf678e834df37c86152 a0ab81a62a8cec19f1bed06154ae85a612e53417ab16f9357f53d02994b891a76b1ad2d7899267a4125d8123ee9c95f7
SERVER_HANDSHAKE_TRAFFIC_SECRET 59a3f97e5a2a940aec7a0773e8147a2addd11b50142fddb8841bdc606a95da9e 6ba4bf089908b6ec30a9b702bd2dc683e169cb0bf309694823730b5b1d850cf4f68e5b22aca0be45b13343d28bcfceac
SERVER_HANDSHAKE_TRAFFIC_SECRET 1ab0a44c4f030e181bcb5b59698f83183ce69aaa6b5a63522c6723797b9fb13f 91428c5403d693f24b6bc1894c58875b8d9126aea11df7c0f1abb6b504f4a9329cd302e021558acf9e55213576907121
SERVER_HANDSHAKE_TRAFFIC_SECRET 829cf090ac94233c79c9e7b927ab16375ad30416014a4944c4182a9ee8550e7e 6d1b60f53fb6e1402c85c8e3e18d50dd3cb65adafc810ef61ced109289a551b52c35914ae08a7ccdf6cf2f4d5715748c
EXPORTER_SECRET 829cf090ac94233c79c9e7b927ab16375ad30416014a4944c4182a9ee8550e7e 648de3bd1dfa78d709d315a44ab564cc5c16cc21644d958dd04cb0b852c6361d61e44c4f39de17677f008434516dafc5
SERVER_TRAFFIC_SECRET_0 829cf090ac94233c79c9e7b927ab16375ad30416014a4944c4182a9ee8550e7e 3272436d42c3a559fcc193ee2437cf3212c5a5dde39fb4bef2c1bb53e54c1ed0f1e603c13de33dfd41b70e26925288fa
CLIENT_HANDSHAKE_TRAFFIC_SECRET 829cf090ac94233c79c9e7b927ab16375ad30416014a4944c4182a9ee8550e7e 049e8dd2fbcf2c944e0754649c4f0a14d41cd443205e3c5199fce406e8b9b59f113f2f17564d6de44f5849ebf9edadce
CLIENT_TRAFFIC_SECRET_0 829cf090ac94233c79c9e7b927ab16375ad30416014a4944c4182a9ee8550e7e 61be87b6fa9450673cd8b4caadd9536bc1eee452aa1763bc38b2b9566d87a47e6abd38b312ba432b054a7d5324028361
SERVER_HANDSHAKE_TRAFFIC_SECRET ad0271207e600d0d8ce60ee0361a9e876c9618c1f4147c5124d292e3b264b0c1 a136e3b7efd87649602b7b9fe82d48ac5c412d8b5bb49a49a82e094d9c2dd7c13058432a5d70171490c3e6993cd50550
EXPORTER_SECRET ad0271207e600d0d8ce60ee0361a9e876c9618c1f4147c5124d292e3b264b0c1 6049b4d1cbbe760432a514ec3967cf2cedc19650ec638d20b613fb3117c18b88100474f59d7801204527b48a6eb79629
SERVER_TRAFFIC_SECRET_0 ad0271207e600d0d8ce60ee0361a9e876c9618c1f4147c5124d292e3b264b0c1 b41965b0cedfbad739c896886bb07f9e3f90abe1bca31ef6aee510adf4dbef7347061e81bba64ab9dbeeefd169b2705c
CLIENT_HANDSHAKE_TRAFFIC_SECRET ad0271207e600d0d8ce60ee0361a9e876c9618c1f4147c5124d292e3b264b0c1 5c1bcc5e71be653abf38e681cf097f3b0c4d7807bc6f4851e969a231a5fc45ca0a7e6a02bd8503dd4c399724c86025c8
CLIENT_TRAFFIC_SECRET_0 ad0271207e600d0d8ce60ee0361a9e876c9618c1f4147c5124d292e3b264b0c1 149bd1ec4d327118f487a5880e70fb6a1f453583b24007413cc516fe7d770a7efd25466069cfb3cc1db9af25f27077cd
SERVER_HANDSHAKE_TRAFFIC_SECRET bb2bb5b7bfabae5722baa60240a3cadf51c8e23e4fb27199940153c3fad0b07f 85f365e4e06923800dd2fe640c0d054acab3df73ef0d0155532546ce468db1a656316147c017b9d9c50fd5a140a61f43
EXPORTER_SECRET bb2bb5b7bfabae5722baa60240a3cadf51c8e23e4fb27199940153c3fad0b07f f09b4b5eb7f5b07f4005ca20ae3bbaba5aacfd5495233f5b39ba04d5af710a2bb052ad6d4d923bdcc02f619d7c0d70d8
SERVER_TRAFFIC_SECRET_0 bb2bb5b7bfabae5722baa60240a3cadf51c8e23e4fb27199940153c3fad0b07f d10efd670de5ab3f438d370beb156ab3ed27562023646a171b06bd085ca844881e69685517b058145c71b4236429c1eb
CLIENT_HANDSHAKE_TRAFFIC_SECRET bb2bb5b7bfabae5722baa60240a3cadf51c8e23e4fb27199940153c3fad0b07f 9b1a0bed638decb41edf9cf38a05b5ced22e5e8e97239f98a5de635613141a332e62e2d6c5b6ee925369ce2430f7608c
CLIENT_TRAFFIC_SECRET_0 bb2bb5b7bfabae5722baa60240a3cadf51c8e23e4fb27199940153c3fad0b07f f21dbb63f4dbdbadfa42f3b70a625e1492a8df953b3f05cf0e1f56babd5d8e578eeb1cee734b3d5e4e198d1191054a1c
SERVER_HANDSHAKE_TRAFFIC_SECRET ebe4db1b9e63e151fa479968873f785c1acd8ffdd0306deacdb0743c529ce0b5 d8ae5ca7e24295f841c2db1412f48a8cb766e46c0153429daf38f43c6f77f966be4ab29d76bdb64ec9d246ff5421664c
SERVER_HANDSHAKE_TRAFFIC_SECRET d15fd823744db8aa76616e3aee74c128adb3c6c1f8a43d32654b5634944db429 5a07603da2677b6b7c26d254ccf5f29e78994f0cb00de67f03eabe6a8305c3d9c3174328f043785584ca93ad288817ed
SERVER_HANDSHAKE_TRAFFIC_SECRET 29e048e05754a9cce973e21879fef96dd575a3075cfc0599b20523c092f7557d 19a4f5dff72a8afc4d77f80bd80b8e7a16c223041fca5192db094d0d96cdea10515a1864a6fd18e3ad165f87ff87c70b
EXPORTER_SECRET 29e048e05754a9cce973e21879fef96dd575a3075cfc0599b20523c092f7557d 5e042852ebc9c9b13940afd15806d0a8dcd4cd07dd1e1706b0c2bde3ab4a5a23674b363090e2a43431fd98e828e832a9
SERVER_TRAFFIC_SECRET_0 29e048e05754a9cce973e21879fef96dd575a3075cfc0599b20523c092f7557d e0ce33a58941da31b7c0e4b981cc840de5a9833cb12a09e7c38529bbe55563ce1c416237d5c9d4a1b081148a2b429a2e
CLIENT_HANDSHAKE_TRAFFIC_SECRET 29e048e05754a9cce973e21879fef96dd575a3075cfc0599b20523c092f7557d eb1e53d68769e0b889daf175c006e3a26aff197b1609f093609fd15422b79673db9a301f1295dbb5585284f500b0d13c
CLIENT_TRAFFIC_SECRET_0 29e048e05754a9cce973e21879fef96dd575a3075cfc0599b20523c092f7557d 22a638b5968222fdb86825f29de4a1a82d34c95b48baf98b0e745fe507f75b6503fb514f90750fa7b35e21f75bbd42c4
SERVER_HANDSHAKE_TRAFFIC_SECRET cf6ee0175d35a2d0435439dc1e72a7a32b0d55ad3a4766d4918d692276e4a484 751ac661b2ff1a6cd7c9af0068e4bc2884598e419fbcbe8a1f6646a41d949191a99ad4993bd03a4b19ae5c8dfda06404
EXPORTER_SECRET cf6ee0175d35a2d0435439dc1e72a7a32b0d55ad3a4766d4918d692276e4a484 25dd7bf93ff4207badfdc802f3dd35b326bd4186ca91894737ff793a588b5480eb9b0f8f928812f61bbe582f21309b92
SERVER_TRAFFIC_SECRET_0 cf6ee0175d35a2d0435439dc1e72a7a32b0d55ad3a4766d4918d692276e4a484 433364a6b9f270bba06aab10a63618d163da15dcf187b121e4340a69aa18ddbb3b3f981a927f5b48dd5834cbb91e5f50
CLIENT_HANDSHAKE_TRAFFIC_SECRET cf6ee0175d35a2d0435439dc1e72a7a32b0d55ad3a4766d4918d692276e4a484 b8c59022a2aa589196200578ee3ce0d3727cd3bcde261652989db5b20b91fd479e8ca171f17218fab0f23f2d8eaa211e
CLIENT_TRAFFIC_SECRET_0 cf6ee0175d35a2d0435439dc1e72a7a32b0d55ad3a4766d4918d692276e4a484 68ce259dbf7f1c5b71de9c507036530e6a9a83599fd3f67ffb350e95a309cbf0ee965a4ddad3b26734e2be5e0f60f9da
SERVER_HANDSHAKE_TRAFFIC_SECRET ffc27d4b37b14cfe69c98ee51fd647b0c00e02021390a2ef76bd029ddb7e49ae 9343794a1938b680807bec2a2964c62f2ca2fa6ff305705f2ca2ebbea0ea3c354289a355ce757718c2ff61102c4627cf
EXPORTER_SECRET ffc27d4b37b14cfe69c98ee51fd647b0c00e02021390a2ef76bd029ddb7e49ae 67214ae948ba59a43be59e6b6c241a2aab69018fba0e5efe429bc909b08081c059d0da4c873864f0484e07d73d8b067e
SERVER_TRAFFIC_SECRET_0 ffc27d4b37b14cfe69c98ee51fd647b0c00e02021390a2ef76bd029ddb7e49ae 39edc685a38ddd8a569110abfc1d3a240a8ba9e449aa81b34acb288c3052392ad1498846bc89f6fd9f56d6a239d95008
CLIENT_HANDSHAKE_TRAFFIC_SECRET ffc27d4b37b14cfe69c98ee51fd647b0c00e02021390a2ef76bd029ddb7e49ae 00b48b0e063b0c5e0b1ede8f8aa6cb8cbf36bc8ded2a67a797cf1cb9ec0b7017a13831659d03237c35b31486a6b201f6
CLIENT_TRAFFIC_SECRET_0 ffc27d4b37b14cfe69c98ee51fd647b0c00e02021390a2ef76bd029ddb7e49ae 66d0be1f80f85dafd7100b6e8042eda9028a57c7fec410beb17687a44bdf88c962bfabfdd1340dd6996ef27865190f93
SERVER_HANDSHAKE_TRAFFIC_SECRET 34eac26afa685ae879f3683bb0f9f6394136fbbcd45615747b05e63af15c877a 38f3213154433d79505bed05d9611517dcbfdb120eb6d4c514a66be30c2acf1498f6640c6b0706797fc658e64f0b038b
EXPORTER_SECRET 34eac26afa685ae879f3683bb0f9f6394136fbbcd45615747b05e63af15c877a 471ad2c8d91fec1763bf805d01677f73548f4c8a6fb64aa17ae08113b7441fee963c86378bd1bcf27f78d3534bc4a5b0
SERVER_TRAFFIC_SECRET_0 34eac26afa685ae879f3683bb0f9f6394136fbbcd45615747b05e63af15c877a 2d3fed4e97ee21923d3c708ce074b9fad5a9c463c7fb38681b0af0bb599534d28ccd4aced1a9913b12b5116803736540
CLIENT_HANDSHAKE_TRAFFIC_SECRET 34eac26afa685ae879f3683bb0f9f6394136fbbcd45615747b05e63af15c877a 1c2a6a4177240b660332cc00162bfeac4affab4fa2584570e2f1aada2293298af550daa065fe44e05f6f6715894fea87
CLIENT_TRAFFIC_SECRET_0 34eac26afa685ae879f3683bb0f9f6394136fbbcd45615747b05e63af15c877a 298c27261b0c77f208ccfe520fd558398c52ec4adbdc4b593cfea2407a4e12204e7699d116f8399a4a010a664a7e433d
SERVER_HANDSHAKE_TRAFFIC_SECRET 98956bc4cf85c2f3a6dd38e3cf67eb2ce76b9f845e506ad20b351b5901113d7f 374009d85ee53b08540496593ddcb13ff65350079afc89a8ab3c0f214580382ebe303c2fc530f19e8ea84c831dd74c24
EXPORTER_SECRET 98956bc4cf85c2f3a6dd38e3cf67eb2ce76b9f845e506ad20b351b5901113d7f 821946ca465f9e2a709fdb8cb0535ca224aeb660d06538f3ce0bb29f416268df5bcfc167e0394e9cf8737021f84cdb35
SERVER_TRAFFIC_SECRET_0 98956bc4cf85c2f3a6dd38e3cf67eb2ce76b9f845e506ad20b351b5901113d7f d145f918710c0b14c0e00467baf9ba11f8b085ffc434819811adc71be84af0fa57a528c520fdd5c972608b2b8c6d3919
CLIENT_HANDSHAKE_TRAFFIC_SECRET 98956bc4cf85c2f3a6dd38e3cf67eb2ce76b9f845e506ad20b351b5901113d7f ae4a32221c04c8353644fb193af21e637d790e5365f122f13896159e573a441ef9c0820fcc7168564faf12b204bffd15
CLIENT_TRAFFIC_SECRET_0 98956bc4cf85c2f3a6dd38e3cf67eb2ce76b9f845e506ad20b351b5901113d7f 4e479258736ebd93dedead4e382198b46ac4718e59ff207d2bc37476435e3e250afbe4094858e4caf3d004479636184e
SERVER_HANDSHAKE_TRAFFIC_SECRET 46436226890a8d9658c94f8f565cd874145137047131ae4d0aa9b0ffee658ce4 2fd8fa9fd036c01dbae0eea53fe2084c73a925d01792b147fb8dce493a2ca7a639de1048706172d5d25e92a39ce15b31
EXPORTER_SECRET 46436226890a8d9658c94f8f565cd874145137047131ae4d0aa9b0ffee658ce4 7b1c0977207176365790590f6a4fd61d1e68dd14b937967aa93c05d59c4b0582068d833d170311203c7f03d45213d8cc
SERVER_TRAFFIC_SECRET_0 46436226890a8d9658c94f8f565cd874145137047131ae4d0aa9b0ffee658ce4 ede8af5d02af321a0bae1e6c3b2a472085d8cc07f917085fa1681ed905ad20d79b17a5ddd491aeff9b0ec433800d5af1
CLIENT_HANDSHAKE_TRAFFIC_SECRET 46436226890a8d9658c94f8f565cd874145137047131ae4d0aa9b0ffee658ce4 dbc630f97c1b12c1ed71cb87316776d65f20cceac6a96378de557170ababa4ca32d1f0c914bfe589d888c61a2457e71d
CLIENT_TRAFFIC_SECRET_0 46436226890a8d9658c94f8f565cd874145137047131ae4d0aa9b0ffee658ce4 7f66207568067bd2423937b28b51a9c0a0654ed3b6565984d1ee648ff86cc181dbb1133f2c63ec1254085b03e8fafaa1
